[debug] [2021-02-15T20:26:44.772Z] ----------------------------------------------------------------------
[debug] [2021-02-15T20:26:44.774Z] Command:       C:\Program Files\nodejs\node.exe C:\Users\Usuario\AppData\Roaming\npm\node_modules\firebase-tools\lib\bin\firebase.js init
[debug] [2021-02-15T20:26:44.774Z] CLI Version:   9.3.0
[debug] [2021-02-15T20:26:44.774Z] Platform:      win32
[debug] [2021-02-15T20:26:44.774Z] Node Version:  v14.15.4
[debug] [2021-02-15T20:26:44.775Z] Time:          Mon Feb 15 2021 21:26:44 GMT+0100 (czas środkowoeuropejski standardowy)
[debug] [2021-02-15T20:26:44.775Z] ----------------------------------------------------------------------
[debug] [2021-02-15T20:26:44.775Z] 
[debug] [2021-02-15T20:26:44.777Z] >>> [apiv2][query] GET https://firebase-public.firebaseio.com/cli.json [none]
[debug] [2021-02-15T20:26:44.793Z] > command requires scopes: ["email","openid","https://www.googleapis.com/auth/cloudplatformprojects.readonly","https://www.googleapis.com/auth/firebase","https://www.googleapis.com/auth/cloud-platform"]
[debug] [2021-02-15T20:26:44.793Z] > authorizing via signed-in user
[info] 
     ######## #### ########  ######## ########     ###     ######  ########
     ##        ##  ##     ## ##       ##     ##  ##   ##  ##       ##
     ######    ##  ########  ######   ########  #########  ######  ######
     ##        ##  ##    ##  ##       ##     ## ##     ##       ## ##
     ##       #### ##     ## ######## ########  ##     ##  ######  ########

You're about to initialize a Firebase project in this directory:

  C:\Users\Usuario\Desktop\pingwinglowny projekt\jfdzr2-nuclear-penguins

[debug] [2021-02-15T20:26:45.267Z] <<< [apiv2][status] GET https://firebase-public.firebaseio.com/cli.json 200
[debug] [2021-02-15T20:26:45.268Z] <<< [apiv2][body] GET https://firebase-public.firebaseio.com/cli.json {"cloudBuildErrorAfter":1594252800000,"cloudBuildWarnAfter":1590019200000,"defaultNode10After":1594252800000,"minVersion":"3.0.5","node8DeploysDisabledAfter":1613390400000,"node8RuntimeDisabledAfter":1615809600000,"node8WarnAfter":1600128000000}
[info] 
=== Project Setup
[info] 
[info] First, let's associate this project directory with a Firebase project.
[info] You can create multiple project aliases by running firebase use --add, 
[info] but for now we'll just set up a default project.
[info] 
[debug] [2021-02-15T20:27:13.124Z] > refreshing access token with scopes: []
[debug] [2021-02-15T20:27:13.125Z] >>> HTTP REQUEST POST https://www.googleapis.com/oauth2/v3/token  
 <request body omitted>
[debug] [2021-02-15T20:27:13.277Z] <<< HTTP RESPONSE 200 {"cache-control":"no-cache, no-store, max-age=0, must-revalidate","pragma":"no-cache","expires":"Mon, 01 Jan 1990 00:00:00 GMT","date":"Mon, 15 Feb 2021 20:27:12 GMT","content-type":"application/json; charset=utf-8","vary":"X-Origin, Referer, Origin,Accept-Encoding","server":"scaffolding on HTTPServer2","x-xss-protection":"0","x-frame-options":"SAMEORIGIN","x-content-type-options":"nosniff","alt-svc":"h3-29=\":443\"; ma=2592000,h3-T051=\":443\"; ma=2592000,h3-Q050=\":443\"; ma=2592000,h3-Q046=\":443\"; ma=2592000,h3-Q043=\":443\"; ma=2592000,quic=\":443\"; ma=2592000; v=\"46,43\"","accept-ranges":"none","transfer-encoding":"chunked"}
[debug] [2021-02-15T20:27:13.303Z] >>> [apiv2][query] GET https://firebase.googleapis.com/v1beta1/projects pageSize=100
[debug] [2021-02-15T20:27:13.726Z] <<< [apiv2][status] GET https://firebase.googleapis.com/v1beta1/projects 200
[debug] [2021-02-15T20:27:13.726Z] <<< [apiv2][body] GET https://firebase.googleapis.com/v1beta1/projects [omitted]
[info] i  Using project nuclear-penguins (nuclear-penguins) 
[info] 
=== Hosting Setup
[info] 
[info] Your public directory is the folder (relative to your project directory) that
[info] will contain Hosting assets to be uploaded with firebase deploy. If you
[info] have a build process for your assets, use your build's output directory.
[info] 
[debug] [2021-02-15T20:28:21.937Z] >>> [apiv2][query] GET https://www.gstatic.com/firebasejs/releases.json [none]
[debug] [2021-02-15T20:28:22.055Z] <<< [apiv2][status] GET https://www.gstatic.com/firebasejs/releases.json 200
[debug] [2021-02-15T20:28:22.055Z] <<< [apiv2][body] GET https://www.gstatic.com/firebasejs/releases.json {"current":{"version":"8.2.7","browserURL":"https://www.gstatic.com/firebasejs/8.2.7/firebase.js","packageURL":"https://www.gstatic.com/firebasejs/8.2.7/firebase.tgz"},"live":{"version":"8.2","browserURL":"https://www.gstatic.com/firebasejs/live/8.2/firebase.js","packageURL":"https://www.gstatic.com/firebasejs/live/8.2/firebase.tgz"},"components":{"analytics":"https://www.gstatic.com/firebasejs/8.2.7/firebase-analytics.js","app":"https://www.gstatic.com/firebasejs/8.2.7/firebase-app.js","auth":"https://www.gstatic.com/firebasejs/8.2.7/firebase-auth.js","database":"https://www.gstatic.com/firebasejs/8.2.7/firebase-database.js","firestore":"https://www.gstatic.com/firebasejs/8.2.7/firebase-firestore.js","functions":"https://www.gstatic.com/firebasejs/8.2.7/firebase-functions.js","installations":"https://www.gstatic.com/firebasejs/8.2.7/firebase-installations.js","messaging":"https://www.gstatic.com/firebasejs/8.2.7/firebase-messaging.js","storage":"https://www.gstatic.com/firebasejs/8.2.7/firebase-storage.js","performance":"https://www.gstatic.com/firebasejs/8.2.7/firebase-performance.js","remote-config":"https://www.gstatic.com/firebasejs/8.2.7/firebase-remote-config.js","firestore.memory":"https://www.gstatic.com/firebasejs/8.2.7/firebase-firestore.memory.js"}}
[info] +  Wrote build/index.html 
[info] 
[info] i  Detected a .git folder at C:\Users\Usuario\Desktop\pingwinglowny projekt\jfdzr2-nuclear-penguins 
[info] i  Authorizing with GitHub to upload your service account to a GitHub repository's secrets store. 
[info] 
[info] Visit this URL on this device to log in:
[info] https://github.com/login/oauth/authorize?client_id=89cf50f02ac6aaed3484&state=1041544858&redirect_uri=http%3A%2F%2Flocalhost%3A9005&scope=read%3Auser%20repo%20public_repo
[info] 
[info] Waiting for authentication...
[debug] [2021-02-15T20:28:22.682Z] >>> HTTP REQUEST POST https://github.com/login/oauth/access_token  
 {"client_id":"89cf50f02ac6aaed3484","client_secret":"3330d14abc895d9a74d5f17cd7a00711fa2c5bf0","code":"ccf1d236b0b082337614","redirect_uri":"http://localhost:9005","state":"1041544858"}
[debug] [2021-02-15T20:28:23.021Z] <<< HTTP RESPONSE 200 {"server":"GitHub.com","date":"Mon, 15 Feb 2021 20:28:22 GMT","content-type":"application/json; charset=utf-8","vary":"X-PJAX, Accept-Encoding, Accept, X-Requested-With","etag":"W/\"d007d21f79481a269a735fe451221699\"","cache-control":"max-age=0, private, must-revalidate","strict-transport-security":"max-age=31536000; includeSubdomains; preload","x-frame-options":"deny","x-content-type-options":"nosniff","x-xss-protection":"1; mode=block","referrer-policy":"origin-when-cross-origin, strict-origin-when-cross-origin","expect-ct":"max-age=2592000, report-uri=\"https://api.github.com/_private/browser/errors\"","content-security-policy":"default-src 'none'; base-uri 'self'; block-all-mixed-content; connect-src 'self' uploads.github.com www.githubstatus.com collector.githubapp.com api.github.com github-cloud.s3.amazonaws.com github-production-repository-file-5c1aeb.s3.amazonaws.com github-production-upload-manifest-file-7fdce7.s3.amazonaws.com github-production-user-asset-6210df.s3.amazonaws.com cdn.optimizely.com logx.optimizely.com/v1/events wss://alive.github.com; font-src github.githubassets.com; form-action 'self' github.com gist.github.com; frame-ancestors 'none'; frame-src render.githubusercontent.com; img-src 'self' data: github.githubassets.com identicons.github.com collector.githubapp.com github-cloud.s3.amazonaws.com user-images.githubusercontent.com/ *.githubusercontent.com; manifest-src 'self'; media-src 'none'; script-src github.githubassets.com; style-src 'unsafe-inline' github.githubassets.com; worker-src github.com/socket-worker-5029ae85.js gist.github.com/socket-worker-5029ae85.js","x-github-request-id":"E2A8:E701:7A1098:9B23F1:602AD966","transfer-encoding":"chunked"}
[debug] [2021-02-15T20:28:23.022Z] >>> [apiv2][query] GET https://api.github.com/user [none]
[debug] [2021-02-15T20:28:23.329Z] <<< [apiv2][status] GET https://api.github.com/user 200
[debug] [2021-02-15T20:28:23.329Z] <<< [apiv2][body] GET https://api.github.com/user {"login":"lukaszprotosawicki","id":70949306,"node_id":"MDQ6VXNlcjcwOTQ5MzA2","avatar_url":"https://avatars.githubusercontent.com/u/70949306?v=4","gravatar_id":"","url":"https://api.github.com/users/lukaszprotosawicki","html_url":"https://github.com/lukaszprotosawicki","followers_url":"https://api.github.com/users/lukaszprotosawicki/followers","following_url":"https://api.github.com/users/lukaszprotosawicki/following{/other_user}","gists_url":"https://api.github.com/users/lukaszprotosawicki/gists{/gist_id}","starred_url":"https://api.github.com/users/lukaszprotosawicki/starred{/owner}{/repo}","subscriptions_url":"https://api.github.com/users/lukaszprotosawicki/subscriptions","organizations_url":"https://api.github.com/users/lukaszprotosawicki/orgs","repos_url":"https://api.github.com/users/lukaszprotosawicki/repos","events_url":"https://api.github.com/users/lukaszprotosawicki/events{/privacy}","received_events_url":"https://api.github.com/users/lukaszprotosawicki/received_events","type":"User","site_admin":false,"name":"Lukasz Protosawicki","company":null,"blog":"www.linkedin.com/in/łukasz-protosawicki-22473783","location":"Gorzów Wielkopolski","email":null,"hireable":true,"bio":null,"twitter_username":null,"public_repos":18,"public_gists":0,"followers":0,"following":0,"created_at":"2020-09-08T10:39:07Z","updated_at":"2021-02-14T17:57:26Z","private_gists":0,"total_private_repos":17,"owned_private_repos":0,"disk_usage":18203,"collaborators":0,"two_factor_authentication":false,"plan":{"name":"free","space":976562499,"collaborators":0,"private_repos":10000}}
[info] 
[info] +  Success! Logged into GitHub as lukaszprotosawicki 
[info] 
[debug] [2021-02-15T20:29:48.741Z] >>> [apiv2][query] GET https://api.github.com/repos/y/actions/secrets/public-key type=owner
[debug] [2021-02-15T20:29:48.968Z] <<< [apiv2][status] GET https://api.github.com/repos/y/actions/secrets/public-key 404
[debug] [2021-02-15T20:29:48.969Z] <<< [apiv2][body] GET https://api.github.com/repos/y/actions/secrets/public-key {"message":"Not Found","documentation_url":"https://docs.github.com/rest"}
[debug] [2021-02-15T20:30:11.347Z] >>> [apiv2][query] GET https://api.github.com/repos/infoshareacademy/jfdzr2-nuclear-penguins/actions/secrets/public-key type=owner
[debug] [2021-02-15T20:30:11.609Z] <<< [apiv2][status] GET https://api.github.com/repos/infoshareacademy/jfdzr2-nuclear-penguins/actions/secrets/public-key 404
[debug] [2021-02-15T20:30:11.609Z] <<< [apiv2][body] GET https://api.github.com/repos/infoshareacademy/jfdzr2-nuclear-penguins/actions/secrets/public-key {"message":"Not Found","documentation_url":"https://docs.github.com/rest/reference/actions#get-a-repository-public-key"}
[debug] [2021-02-15T20:30:23.486Z] >>> [apiv2][query] GET https://api.github.com/repos/infoshareacademy/jfdzr2-nuclear-penguins/actions/secrets/public-key type=owner
[debug] [2021-02-15T20:30:23.719Z] <<< [apiv2][status] GET https://api.github.com/repos/infoshareacademy/jfdzr2-nuclear-penguins/actions/secrets/public-key 404
[debug] [2021-02-15T20:30:23.719Z] <<< [apiv2][body] GET https://api.github.com/repos/infoshareacademy/jfdzr2-nuclear-penguins/actions/secrets/public-key {"message":"Not Found","documentation_url":"https://docs.github.com/rest/reference/actions#get-a-repository-public-key"}
[debug] [2021-02-15T20:30:37.102Z] >>> [apiv2][query] GET https://api.github.com/repos/infoshareacademy/jfdzr2-nuclear-penguins/actions/secrets/public-key type=owner
[debug] [2021-02-15T20:30:37.357Z] <<< [apiv2][status] GET https://api.github.com/repos/infoshareacademy/jfdzr2-nuclear-penguins/actions/secrets/public-key 404
[debug] [2021-02-15T20:30:37.358Z] <<< [apiv2][body] GET https://api.github.com/repos/infoshareacademy/jfdzr2-nuclear-penguins/actions/secrets/public-key {"message":"Not Found","documentation_url":"https://docs.github.com/rest/reference/actions#get-a-repository-public-key"}
